<?xml version="1.0" encoding="UTF-8"?>
<!-- Generated by org.testng.reporters.JUnitReportReporter -->
<testsuite skipped="0" hostname="DESKTOP-BMTHO9F" name="tests.BranchTests" tests="3" failures="0" timestamp="22 Aug 2018 17:43:07 GMT" time="6.667" errors="0">
  <testcase name="createValidBranch" time="2.942" classname="tests.BranchTests"/>
  <testcase name="editBranch" time="2.197" classname="tests.BranchTests"/>
  <testcase name="deleteBranch" time="1.528" classname="tests.BranchTests"/>
</testsuite> <!-- tests.BranchTests -->
