<?xml version="1.0" encoding="UTF-8"?>
<!-- Generated by org.testng.reporters.JUnitReportReporter -->
<testsuite skipped="0" hostname="DESKTOP-BMTHO9F" name="tests.BranchTests" tests="3" failures="0" timestamp="22 Aug 2018 18:26:31 GMT" time="6.360" errors="0">
  <testcase name="createValidBranch" time="2.424" classname="tests.BranchTests"/>
  <testcase name="editBranch" time="2.249" classname="tests.BranchTests"/>
  <testcase name="deleteBranch" time="1.687" classname="tests.BranchTests"/>
</testsuite> <!-- tests.BranchTests -->
