<?xml version="1.0" encoding="UTF-8"?>
<!-- Generated by org.testng.reporters.JUnitReportReporter -->
<testsuite skipped="0" hostname="DESKTOP-BMTHO9F" name="tests.AccountTests" tests="4" failures="0" timestamp="22 Aug 2018 18:26:31 GMT" time="5.433" errors="0">
  <testcase name="validSettingsSave" time="1.853" classname="tests.AccountTests"/>
  <testcase name="invalidSettingsSave" time="0.985" classname="tests.AccountTests"/>
  <testcase name="invalidPasswordReset" time="1.427" classname="tests.AccountTests"/>
  <testcase name="invalidateSession" time="1.168" classname="tests.AccountTests"/>
</testsuite> <!-- tests.AccountTests -->
