<?xml version="1.0" encoding="UTF-8"?>
<!-- Generated by org.testng.reporters.JUnitReportReporter -->
<testsuite skipped="0" hostname="DESKTOP-BMTHO9F" name="tests.LoginTests" tests="3" failures="0" timestamp="22 Aug 2018 17:43:07 GMT" time="41.358" errors="0">
  <testcase name="invalidLogin" time="10.444" classname="tests.LoginTests"/>
  <testcase name="validLogin" time="14.825" classname="tests.LoginTests"/>
  <testcase name="invalidRegisterUser" time="16.089" classname="tests.LoginTests"/>
</testsuite> <!-- tests.LoginTests -->
