<?xml version="1.0" encoding="UTF-8"?>
<!-- Generated by org.testng.reporters.JUnitReportReporter -->
<testsuite skipped="0" hostname="DESKTOP-BMTHO9F" name="tests.AccountTests" tests="4" failures="0" timestamp="22 Aug 2018 17:43:07 GMT" time="5.946" errors="0">
  <testcase name="validSettingsSave" time="2.589" classname="tests.AccountTests"/>
  <testcase name="invalidSettingsSave" time="1.007" classname="tests.AccountTests"/>
  <testcase name="invalidPasswordReset" time="1.387" classname="tests.AccountTests"/>
  <testcase name="invalidateSession" time="0.963" classname="tests.AccountTests"/>
</testsuite> <!-- tests.AccountTests -->
