<?xml version="1.0" encoding="UTF-8"?>
<!-- Generated by org.testng.reporters.JUnitReportReporter -->
<testsuite skipped="0" hostname="DESKTOP-BMTHO9F" name="tests.LoginTests" tests="3" failures="0" timestamp="22 Aug 2018 05:07:08 GMT" time="55.695" errors="0">
  <testcase name="invalidLogin" time="15.498" classname="tests.LoginTests"/>
  <testcase name="validLogin" time="26.049" classname="tests.LoginTests"/>
  <testcase name="invalidRegisterUser" time="14.148" classname="tests.LoginTests"/>
</testsuite> <!-- tests.LoginTests -->
