<?xml version="1.0" encoding="UTF-8"?>
<!-- Generated by org.testng.reporters.JUnitReportReporter -->
<testsuite skipped="0" hostname="DESKTOP-BMTHO9F" name="tests.LoginTests" tests="3" failures="0" timestamp="22 Aug 2018 18:26:31 GMT" time="39.013" errors="0">
  <testcase name="invalidRegisterUser" time="10.930" classname="tests.LoginTests"/>
  <testcase name="validLogin" time="11.342" classname="tests.LoginTests"/>
  <testcase name="invalidLogin" time="16.741" classname="tests.LoginTests"/>
</testsuite> <!-- tests.LoginTests -->
