<?xml version="1.0" encoding="UTF-8"?>
<!-- Generated by org.testng.reporters.JUnitReportReporter -->
<testsuite skipped="0" hostname="DESKTOP-BMTHO9F" name="tests.LoginTests" tests="3" failures="0" timestamp="21 Aug 2018 20:58:42 GMT" time="39.086" errors="0">
  <testcase name="invalidLogin" time="10.523" classname="tests.LoginTests"/>
  <testcase name="validLogin" time="11.724" classname="tests.LoginTests"/>
  <testcase name="invalidRegisterUser" time="16.839" classname="tests.LoginTests"/>
</testsuite> <!-- tests.LoginTests -->
