<?xml version="1.0" encoding="UTF-8"?>
<!-- Generated by org.testng.reporters.JUnitReportReporter -->
<testsuite skipped="0" hostname="DESKTOP-BMTHO9F" name="tests.StaffTests" tests="3" failures="0" timestamp="22 Aug 2018 17:43:07 GMT" time="6.964" errors="0">
  <testcase name="createValidStaff" time="2.480" classname="tests.StaffTests"/>
  <testcase name="editValidStaff" time="2.920" classname="tests.StaffTests"/>
  <testcase name="deleteValidStaff" time="1.564" classname="tests.StaffTests"/>
</testsuite> <!-- tests.StaffTests -->
